#
# There is insufficient memory for the Java Runtime Environment to continue.
# Native memory allocation (malloc) failed to allocate 1048576 bytes for AllocateHeap
# Possible reasons:
#   The system is out of physical RAM or swap space
#   In 32 bit mode, the process size limit was hit
# Possible solutions:
#   Reduce memory load on the system
#   Increase physical memory or swap space
#   Check if swap backing store is full
#   Use 64 bit Java on a 64 bit OS
#   Decrease Java heap size (-Xmx/-Xms)
#   Decrease number of Java threads
#   Decrease Java thread stack sizes (-Xss)
#   Set larger code cache with -XX:ReservedCodeCacheSize=
# This output file may be truncated or incomplete.
#
#  Out of Memory Error (memory/allocation.inline.hpp:61), pid=5836, tid=17572
#
# JRE version:  (7.0_79-b15) (build )
# Java VM: Java HotSpot(TM) 64-Bit Server VM (24.79-b02 mixed mode windows-amd64 compressed oops)
# Failed to write core dump. Minidumps are not enabled by default on client versions of Windows
#

---------------  T H R E A D  ---------------

Current thread (0x00000000026b0800):  JavaThread "Unknown thread" [_thread_in_vm, id=17572, stack(0x0000000002190000,0x0000000002290000)]

Stack: [0x0000000002190000,0x0000000002290000]

---------------  P R O C E S S  ---------------

Java Threads: ( => current thread )

Other Threads:

=>0x00000000026b0800 (exited) JavaThread "Unknown thread" [_thread_in_vm, id=17572, stack(0x0000000002190000,0x0000000002290000)]

VM state:not at safepoint (normal execution)

VM Mutex/Monitor currently owned by a thread: None

Heap
 PSYoungGen      total 38400K, used 665K [0x00000007d5c00000, 0x00000007d8680000, 0x0000000800000000)
  eden space 33280K, 2% used [0x00000007d5c00000,0x00000007d5ca66b8,0x00000007d7c80000)
  from space 5120K, 0% used [0x00000007d8180000,0x00000007d8180000,0x00000007d8680000)
  to   space 5120K, 0% used [0x00000007d7c80000,0x00000007d7c80000,0x00000007d8180000)
 ParOldGen       total 86528K, used 0K [0x0000000781400000, 0x0000000786880000, 0x00000007d5c00000)
  object space 86528K, 0% used [0x0000000781400000,0x0000000781400000,0x0000000786880000)
 PSPermGen       total 21504K, used 679K [0x000000077c200000, 0x000000077d700000, 0x0000000781400000)
  object space 21504K, 3% used [0x000000077c200000,0x000000077c2a9f80,0x000000077d700000)

Card table byte_map: [0x00000000057b0000,0x0000000005bd0000] byte_map_base: 0x0000000001bcf000

Polling page: 0x0000000000970000

Code Cache  [0x00000000027b0000, 0x0000000002a20000, 0x00000000057b0000)
 total_blobs=38 nmethods=0 adapters=20 free_code_cache=48889Kb largest_free_block=50062528

Compilation events (0 events):
No events

GC Heap History (0 events):
No events

Deoptimization events (0 events):
No events

Internal exceptions (0 events):
No events

Events (10 events):
Event: 0.015 loading class 0x00000000027018f0
Event: 0.015 loading class 0x00000000027018f0 done
Event: 0.015 loading class 0x0000000002701940
Event: 0.015 loading class 0x0000000002701940 done
Event: 0.015 loading class 0x0000000002701990
Event: 0.015 loading class 0x0000000002701990 done
Event: 0.015 loading class 0x0000000002702710
Event: 0.015 loading class 0x0000000002702710 done
Event: 0.015 loading class 0x0000000002702330
Event: 0.015 loading class 0x0000000002702330 done


Dynamic libraries:
0x00007ff61cf20000 - 0x00007ff61cf53000 	D:\Java\jre7\bin\javaw.exe
0x00007fff08140000 - 0x00007fff08301000 	C:\WINDOWS\SYSTEM32\ntdll.dll
0x00007fff05560000 - 0x00007fff0560d000 	C:\WINDOWS\system32\KERNEL32.DLL
0x00007fff050a0000 - 0x00007fff05288000 	C:\WINDOWS\system32\KERNELBASE.dll
0x00007fff05b50000 - 0x00007fff05bf7000 	C:\WINDOWS\system32\ADVAPI32.dll
0x00007fff05f80000 - 0x00007fff0601d000 	C:\WINDOWS\system32\msvcrt.dll
0x00007fff056e0000 - 0x00007fff0573b000 	C:\WINDOWS\system32\sechost.dll
0x00007fff05750000 - 0x00007fff0586c000 	C:\WINDOWS\system32\RPCRT4.dll
0x00007fff07fe0000 - 0x00007fff08136000 	C:\WINDOWS\system32\USER32.dll
0x00007fff05c00000 - 0x00007fff05d86000 	C:\WINDOWS\system32\GDI32.dll
0x00007ffeff470000 - 0x00007ffeff6e4000 	C:\WINDOWS\WinSxS\amd64_microsoft.windows.common-controls_6595b64144ccf1df_6.0.10586.0_none_8c15ae12515e1c22\COMCTL32.dll
0x00007fff05870000 - 0x00007fff05aed000 	C:\WINDOWS\system32\combase.dll
0x00007fff05030000 - 0x00007fff0509a000 	C:\WINDOWS\system32\bcryptPrimitives.dll
0x00007fff05ee0000 - 0x00007fff05f1b000 	C:\WINDOWS\system32\IMM32.DLL
0x000000006c730000 - 0x000000006c802000 	D:\Java\jre7\bin\msvcr100.dll
0x000000006bf50000 - 0x000000006c725000 	D:\Java\jre7\bin\server\jvm.dll
0x00007fff069f0000 - 0x00007fff069f8000 	C:\WINDOWS\system32\PSAPI.DLL
0x00007fff025e0000 - 0x00007fff02603000 	C:\WINDOWS\SYSTEM32\WINMM.dll
0x00007ffef5780000 - 0x00007ffef5789000 	C:\WINDOWS\SYSTEM32\WSOCK32.dll
0x00007fff06020000 - 0x00007fff0608b000 	C:\WINDOWS\system32\WS2_32.dll
0x00007fff02560000 - 0x00007fff0258c000 	C:\WINDOWS\SYSTEM32\WINMMBASE.dll
0x00007fff05490000 - 0x00007fff054d3000 	C:\WINDOWS\system32\cfgmgr32.dll
0x000000006bf40000 - 0x000000006bf4f000 	D:\Java\jre7\bin\verify.dll
0x000000006bf10000 - 0x000000006bf38000 	D:\Java\jre7\bin\java.dll
0x000000006bef0000 - 0x000000006bf05000 	D:\Java\jre7\bin\zip.dll

VM Arguments:
jvm_args: -Dfile.encoding=GBK 
java_command: ATM2.ATm
Launcher Type: SUN_STANDARD

Environment Variables:
JAVA_HOME=D:\Java\jdk1.7.0_79
CLASSPATH=.;D:\Java\jdk1.7.0_79\lib\dt.jar;D:\Java\jdk1.7.0_79\lib\tools.jar;D:\Java\jdk1.7.0_79\jre\lib\rt.jar;D:\Tomcat 7.0\lib\servlet-api.jar;
PATH=C:\WINDOWS\system32;C:\WINDOWS;C:\WINDOWS\System32\Wbem;C:\WINDOWS\System32\WindowsPowerShell\v1.0\;C:\Program Files (x86)\NVIDIA Corporation\PhysX\Common;C:\Program Files\Intel\WiFi\bin\;C:\Program Files\Common Files\Intel\WirelessCommon\;C:\Program Files\Microsoft SQL Server\120\DTS\Binn\;C:\Program Files\Microsoft SQL Server\Client SDK\ODBC\110\Tools\Binn\;C:\Program Files (x86)\Microsoft SQL Server\120\Tools\Binn\;C:\Program Files\Microsoft SQL Server\120\Tools\Binn\;C:\Program Files (x86)\Microsoft SQL Server\120\Tools\Binn\ManagementStudio\;C:\Program Files (x86)\Microsoft SQL Server\120\DTS\Binn\;D:\Java\jdk1.7.0_79\bin;C:\Program Files (x86)\Microsoft Visual Studio\Common\Tools\WinNT;C:\Program Files (x86)\Microsoft Visual Studio\Common\MSDev98\Bin;C:\Program Files (x86)\Microsoft Visual Studio\Common\Tools;C:\Program Files (x86)\Microsoft Visual Studio\VC98\bin;C:\Program Files\Intel\WiFi\bin\;C:\Program Files\Common Files\Intel\WirelessCommon\
USERNAME=gao
OS=Windows_NT
PROCESSOR_IDENTIFIER=Intel64 Family 6 Model 60 Stepping 3, GenuineIntel



---------------  S Y S T E M  ---------------

OS: Windows 8.1 , 64 bit Build 9600 

CPU:total 8 (4 cores per cpu, 2 threads per core) family 6 model 60 stepping 3, cmov, cx8, fxsr, mmx, sse, sse2, sse3, ssse3, sse4.1, sse4.2, popcnt, avx, avx2, aes, erms, ht, tsc, tscinvbit

Memory: 4k page, physical 8302832k(3221984k free), swap 23845272k(6220k free)

vm_info: Java HotSpot(TM) 64-Bit Server VM (24.79-b02) for windows-amd64 JRE (1.7.0_79-b15), built on Apr 10 2015 12:36:16 by "java_re" with unknown MS VC++:1600

time: Mon Jan 11 15:44:44 2016
elapsed time: 0 seconds

